<?xml version="1.0" encoding="UTF-8"?>
<testng-results skipped="0" failed="0" total="1" passed="1">
  <reporter-output>
    <line>
      <![CDATA[STEP1]]>
    </line>
    <line>
      <![CDATA[STEP2]]>
    </line>
    <line>
      <![CDATA[STEP3]]>
    </line>
  </reporter-output>
  <suite name="Surefire suite" duration-ms="114597" started-at="2017-09-10T18:14:24Z" finished-at="2017-09-10T18:16:18Z">
    <groups>
    </groups>
    <test name="Surefire test" duration-ms="114597" started-at="2017-09-10T18:14:24Z" finished-at="2017-09-10T18:16:18Z">
      <class name="com.testscript.LoginTest">
        <test-method status="PASS" signature="appiumStartServer()[pri:0, instance:com.testscript.LoginTest@5ae9a829]" name="appiumStartServer" is-config="true" duration-ms="5535" started-at="2017-09-10T23:44:18Z" finished-at="2017-09-10T23:44:24Z">
          <reporter-output>
          </reporter-output>
        </test-method> <!-- appiumStartServer -->
        <test-method status="PASS" signature="launchApp()[pri:0, instance:com.testscript.LoginTest@5ae9a829]" name="launchApp" is-config="true" duration-ms="28747" started-at="2017-09-10T23:44:24Z" finished-at="2017-09-10T23:44:52Z">
          <reporter-output>
          </reporter-output>
        </test-method> <!-- launchApp -->
        <test-method status="PASS" signature="appLogin()[pri:0, instance:com.testscript.LoginTest@5ae9a829]" name="appLogin" duration-ms="81819" started-at="2017-09-10T23:44:52Z" finished-at="2017-09-10T23:46:14Z">
          <reporter-output>
            <line>
              <![CDATA[STEP1]]>
            </line>
            <line>
              <![CDATA[STEP2]]>
            </line>
            <line>
              <![CDATA[STEP3]]>
            </line>
          </reporter-output>
        </test-method> <!-- appLogin -->
        <test-method status="PASS" signature="closeDriver()[pri:0, instance:com.testscript.LoginTest@5ae9a829]" name="closeDriver" is-config="true" duration-ms="4003" started-at="2017-09-10T23:46:14Z" finished-at="2017-09-10T23:46:18Z">
          <reporter-output>
          </reporter-output>
        </test-method> <!-- closeDriver -->
        <test-method status="PASS" signature="stopAppiumServer()[pri:0, instance:com.testscript.LoginTest@5ae9a829]" name="stopAppiumServer" is-config="true" duration-ms="425" started-at="2017-09-10T23:46:18Z" finished-at="2017-09-10T23:46:19Z">
          <reporter-output>
          </reporter-output>
        </test-method> <!-- stopAppiumServer -->
      </class> <!-- com.testscript.LoginTest -->
    </test> <!-- Surefire test -->
  </suite> <!-- Surefire suite -->
</testng-results>
