<?xml version="1.0" encoding="UTF-8"?>
<testng-results skipped="0" failed="0" total="1" passed="1">
  <reporter-output>
    <line>
      <![CDATA[STEP1]]>
    </line>
    <line>
      <![CDATA[STEP2]]>
    </line>
    <line>
      <![CDATA[STEP3]]>
    </line>
  </reporter-output>
  <suite name="Suite" duration-ms="175743" started-at="2017-09-11T10:55:48Z" finished-at="2017-09-11T10:58:44Z">
    <groups>
    </groups>
    <test name="Test" duration-ms="175743" started-at="2017-09-11T10:55:48Z" finished-at="2017-09-11T10:58:44Z">
      <class name="com.testscript.LoginTest">
        <test-method status="PASS" signature="appiumStartServer()[pri:0, instance:com.testscript.LoginTest@4fe3c938]" name="appiumStartServer" is-config="true" duration-ms="5424" started-at="2017-09-11T16:25:43Z" finished-at="2017-09-11T16:25:48Z">
          <reporter-output>
          </reporter-output>
        </test-method> <!-- appiumStartServer -->
        <test-method status="PASS" signature="launchApp()[pri:0, instance:com.testscript.LoginTest@4fe3c938]" name="launchApp" is-config="true" duration-ms="22767" started-at="2017-09-11T16:25:48Z" finished-at="2017-09-11T16:26:11Z">
          <reporter-output>
          </reporter-output>
        </test-method> <!-- launchApp -->
        <test-method status="PASS" signature="appLogin()[pri:0, instance:com.testscript.LoginTest@4fe3c938]" name="appLogin" duration-ms="149696" started-at="2017-09-11T16:26:11Z" finished-at="2017-09-11T16:28:41Z">
          <reporter-output>
            <line>
              <![CDATA[STEP1]]>
            </line>
            <line>
              <![CDATA[STEP2]]>
            </line>
            <line>
              <![CDATA[STEP3]]>
            </line>
          </reporter-output>
        </test-method> <!-- appLogin -->
        <test-method status="PASS" signature="closeDriver()[pri:0, instance:com.testscript.LoginTest@4fe3c938]" name="closeDriver" is-config="true" duration-ms="3256" started-at="2017-09-11T16:28:41Z" finished-at="2017-09-11T16:28:44Z">
          <reporter-output>
          </reporter-output>
        </test-method> <!-- closeDriver -->
        <test-method status="PASS" signature="stopAppiumServer()[pri:0, instance:com.testscript.LoginTest@4fe3c938]" name="stopAppiumServer" is-config="true" duration-ms="439" started-at="2017-09-11T16:28:44Z" finished-at="2017-09-11T16:28:44Z">
          <reporter-output>
          </reporter-output>
        </test-method> <!-- stopAppiumServer -->
      </class> <!-- com.testscript.LoginTest -->
    </test> <!-- Test -->
  </suite> <!-- Suite -->
</testng-results>
